生成启动时间为 2016/12/9 星期五 下午 14:54:31。
     1>项目“D:\Github\MFC-game\MyPlane\MyPlane\MyPlane.vcxproj”在节点 2 上(Build 个目标)。
     1>ClCompile:
         D:\应用软件\Microsoft Visual Studio 12.0\VC\bin\CL.exe /c /ZI /nologo /W3 /WX- /sdl /Od /Oy- /D WIN32 /D _WINDOWS /D _DEBUG /D _UNICODE /D UNICODE /D _AFXDLL /Gm /EHsc /RTC1 /MDd /GS /fp:precise /Zc:wchar_t /Zc:forScope /Yu"stdafx.h" /Fp"Debug\MyPlane.pch" /Fo"Debug\\" /Fd"Debug\vc120.pdb" /Gd /TP /analyze- /errorReport:prompt ChildView.cpp
         ChildView.cpp
       Link:
         D:\应用软件\Microsoft Visual Studio 12.0\VC\bin\link.exe /ERRORREPORT:PROMPT /OUT:"D:\Github\MFC-game\MyPlane\Debug\MyPlane.exe" /INCREMENTAL /NOLOGO /MANIFEST /MANIFESTUAC:"level='asInvoker' uiAccess='false'" /manifest:embed /manifestinput:"D:\应用软件\Microsoft Visual Studio 12.0\VC\Include\Manifest\dpiaware.manifest" /DEBUG /PDB:"D:\Github\MFC-game\MyPlane\Debug\MyPlane.pdb" /SUBSYSTEM:WINDOWS /TLBID:1 /ENTRY:"wWinMainCRTStartup" /DYNAMICBASE /NXCOMPAT /IMPLIB:"D:\Github\MFC-game\MyPlane\Debug\MyPlane.lib" /MACHINE:X86 Debug\MyPlane.res
         Debug\ChildView.obj
         Debug\Enemy.obj
         Debug\EnemyBullet.obj
         Debug\MainFrm.obj
         Debug\MyBullet.obj
         Debug\MyPlane.obj
         Debug\Object.obj
         Debug\Plane.obj
         Debug\stdafx.obj
         MyPlane.vcxproj -> D:\Github\MFC-game\MyPlane\Debug\MyPlane.exe
     1>已完成生成项目“D:\Github\MFC-game\MyPlane\MyPlane\MyPlane.vcxproj”(Build 个目标)的操作。

生成成功。

已用时间 00:00:19.31
