d:\github\mfc-game\myplane\myplane\debug\myplane.pch
d:\github\mfc-game\myplane\myplane\debug\vc120.pdb
d:\github\mfc-game\myplane\myplane\debug\vc120.idb
d:\github\mfc-game\myplane\myplane\debug\stdafx.obj
d:\github\mfc-game\myplane\myplane\debug\boss.obj
d:\github\mfc-game\myplane\myplane\debug\childview.obj
d:\github\mfc-game\myplane\myplane\debug\enemy.obj
d:\github\mfc-game\myplane\myplane\debug\enemybullet.obj
d:\github\mfc-game\myplane\myplane\debug\mainfrm.obj
d:\github\mfc-game\myplane\myplane\debug\mybullet.obj
d:\github\mfc-game\myplane\myplane\debug\myplane.obj
d:\github\mfc-game\myplane\myplane\debug\object.obj
d:\github\mfc-game\myplane\myplane\debug\plane.obj
d:\github\mfc-game\myplane\debug\myplane.ilk
d:\github\mfc-game\myplane\debug\myplane.exe
d:\github\mfc-game\myplane\debug\myplane.pdb
d:\github\mfc-game\myplane\myplane\debug\myplane.res
d:\github\mfc-game\myplane\myplane\debug\myplane.tlog\cl.command.1.tlog
d:\github\mfc-game\myplane\myplane\debug\myplane.tlog\cl.read.1.tlog
d:\github\mfc-game\myplane\myplane\debug\myplane.tlog\cl.write.1.tlog
d:\github\mfc-game\myplane\myplane\debug\myplane.tlog\link.command.1.tlog
d:\github\mfc-game\myplane\myplane\debug\myplane.tlog\link.read.1.tlog
d:\github\mfc-game\myplane\myplane\debug\myplane.tlog\link.write.1.tlog
d:\github\mfc-game\myplane\myplane\debug\myplane.tlog\rc.command.1.tlog
d:\github\mfc-game\myplane\myplane\debug\myplane.tlog\rc.read.1.tlog
d:\github\mfc-game\myplane\myplane\debug\myplane.tlog\rc.write.1.tlog
